<?xml version="1.0" encoding="UTF-8"?>
<!-- Generated by org.testng.reporters.JUnitReportReporter -->
<testsuite hostname="LAPTOP-2UJHVSJH" failures="0" tests="1" name="HW.TestHelloWorld" time="4.533" errors="0" timestamp="2022-07-06T18:54:33 IST" skipped="0">
  <testcase classname="HW.TestHelloWorld" name="testHelloWorld" time="4.533"/>
  <system-out/>
</testsuite> <!-- HW.TestHelloWorld -->
